[ 2024-11-11 19:02:54,305 matplotlib data path: /Users/meema/Work/DiscordBots/Discord.py-AB-Lucky-Bot/lucky-bot/lib/python3.9/site-packages/matplotlib/mpl-data ]
[ 2024-11-11 19:02:54,313 CONFIGDIR=/Users/meema/.matplotlib ]
[ 2024-11-11 19:02:54,314 interactive is False ]
[ 2024-11-11 19:02:54,314 platform is darwin ]
[ 2024-11-11 19:02:54,352 CACHEDIR=/Users/meema/.matplotlib ]
[ 2024-11-11 19:02:54,355 Using fontManager instance from /Users/meema/.matplotlib/fontlist-v390.json ]
[ 2024-11-11 19:02:54,530 PyNaCl is not installed, voice will NOT be supported ]
[ 2024-11-11 19:02:54,530 on_ready has successfully been registered as an event ]
[ 2024-11-11 19:02:54,530 on_message has successfully been registered as an event ]
[ 2024-11-11 19:02:54,530 on_error has successfully been registered as an event ]
[ 2024-11-11 19:02:54,531 Using selector: KqueueSelector ]
[ 2024-11-11 19:02:54,531 logging in using static token ]
[ 2024-11-11 19:02:56,878 GUILD ID : [1018816353030901801] Bot has Missing Access ]
[ 2024-11-11 19:02:58,914 Shard ID None has connected to Gateway (Session ID: 4e643082fed956215db579644371d038). ]
[ 2024-11-11 19:03:01,244 Tortoise-ORM startup
    connections: {'default': {'engine': 'tortoise.backends.asyncpg', 'credentials': {'database': 'arena_breakout', 'host': '127.0.0.1', 'port': '5432', 'password': 'Ri***', 'user': 'postgres'}}}
    apps: {'models': {'models': ['models'], 'default_connection': 'default'}} ]
[ 2024-11-11 19:03:01,282 Creating schema: CREATE TABLE IF NOT EXISTS "botusage" (
    "id" BIGSERIAL NOT NULL PRIMARY KEY,
    "date" DATE NOT NULL  DEFAULT '2024-11-11',
    "fandom_bot" INT NOT NULL  DEFAULT 0,
    "lucky_bot" INT NOT NULL  DEFAULT 0,
    "rpg_bot" INT NOT NULL  DEFAULT 0
);
CREATE TABLE IF NOT EXISTS "profile" (
    "id" BIGSERIAL NOT NULL PRIMARY KEY,
    "discord_name" VARCHAR(225),
    "discord_id" VARCHAR(225),
    "bot_used" INT   DEFAULT 0
);
CREATE TABLE IF NOT EXISTS "review" (
    "id" BIGSERIAL NOT NULL PRIMARY KEY,
    "review" TEXT,
    "star_rating" INT,
    "reviewed_on" TIMESTAMPTZ NOT NULL  DEFAULT CURRENT_TIMESTAMP,
    "uid_id" BIGINT NOT NULL REFERENCES "profile" ("id") ON DELETE CASCADE
);
CREATE TABLE IF NOT EXISTS "todayluck" (
    "id" SERIAL NOT NULL PRIMARY KEY,
    "location" VARCHAR(225),
    "container" VARCHAR(225),
    "weapon" VARCHAR(225),
    "item" VARCHAR(225),
    "summary" TEXT,
    "uid_id" BIGINT NOT NULL REFERENCES "profile" ("id") ON DELETE CASCADE
); ]
[ 2024-11-11 19:03:01,311 Created connection pool <asyncpg.pool.Pool object at 0x11020eb80> with params: {'host': '127.0.0.1', 'port': 5432, 'user': 'postgres', 'database': 'arena_breakout', 'min_size': 1, 'max_size': 5, 'connection_class': <class 'asyncpg.connection.Connection'>, 'loop': None, 'server_settings': {}} ]
[ 2024-11-11 19:03:01,311 CREATE TABLE IF NOT EXISTS "botusage" (
    "id" BIGSERIAL NOT NULL PRIMARY KEY,
    "date" DATE NOT NULL  DEFAULT '2024-11-11',
    "fandom_bot" INT NOT NULL  DEFAULT 0,
    "lucky_bot" INT NOT NULL  DEFAULT 0,
    "rpg_bot" INT NOT NULL  DEFAULT 0
);
CREATE TABLE IF NOT EXISTS "profile" (
    "id" BIGSERIAL NOT NULL PRIMARY KEY,
    "discord_name" VARCHAR(225),
    "discord_id" VARCHAR(225),
    "bot_used" INT   DEFAULT 0
);
CREATE TABLE IF NOT EXISTS "review" (
    "id" BIGSERIAL NOT NULL PRIMARY KEY,
    "review" TEXT,
    "star_rating" INT,
    "reviewed_on" TIMESTAMPTZ NOT NULL  DEFAULT CURRENT_TIMESTAMP,
    "uid_id" BIGINT NOT NULL REFERENCES "profile" ("id") ON DELETE CASCADE
);
CREATE TABLE IF NOT EXISTS "todayluck" (
    "id" SERIAL NOT NULL PRIMARY KEY,
    "location" VARCHAR(225),
    "container" VARCHAR(225),
    "weapon" VARCHAR(225),
    "item" VARCHAR(225),
    "summary" TEXT,
    "uid_id" BIGINT NOT NULL REFERENCES "profile" ("id") ON DELETE CASCADE
); ]
[ 2024-11-11 19:03:05,756 SELECT "fandom_bot","id","rpg_bot","date","lucky_bot" FROM "botusage" WHERE "date"='2024-11-11T13:33:05.754337' LIMIT 2: None ]
[ 2024-11-11 19:03:05,761 UPDATE "botusage" SET "date"=$1,"fandom_bot"=$2,"lucky_bot"=$3,"rpg_bot"=$4 WHERE "id"=$5: [datetime.date(2024, 11, 11), 0, 6, 0, 2] ]
[ 2024-11-11 19:03:05,766 SELECT "discord_id","id","bot_used","discord_name" FROM "profile" WHERE "discord_id"='<@568179896459722753>' LIMIT 2: None ]
[ 2024-11-11 19:03:05,769 SELECT "summary","location","id","weapon","container","uid_id","item" FROM "todayluck" WHERE "uid_id"=1 LIMIT 2: None ]
[ 2024-11-11 19:03:05,805 Starting new HTTPS connection (1): arena-breakout.fandom.com:443 ]
[ 2024-11-11 19:03:06,405 https://arena-breakout.fandom.com:443 "GET /en/api.php?action=query&srlimit=1&list=search&srsearch=M870&format=json HTTP/11" 301 172 ]
[ 2024-11-11 19:03:06,798 https://arena-breakout.fandom.com:443 "GET /api.php?action=query&srlimit=1&list=search&srsearch=M870&format=json HTTP/11" 200 172 ]
[ 2024-11-11 19:03:06,804 Starting new HTTPS connection (1): arena-breakout.fandom.com:443 ]
[ 2024-11-11 19:03:07,387 https://arena-breakout.fandom.com:443 "GET /en/api.php?action=query&redirects=True&titles=M870&format=json HTTP/11" 301 88 ]
[ 2024-11-11 19:03:07,821 https://arena-breakout.fandom.com:443 "GET /api.php?action=query&redirects=True&titles=M870&format=json HTTP/11" 200 88 ]
[ 2024-11-11 19:03:07,827 Starting new HTTPS connection (1): arena-breakout.fandom.com:443 ]
[ 2024-11-11 19:03:08,435 https://arena-breakout.fandom.com:443 "GET /en/api.php?action=query&pageids=657&prop=images&imlimit=500&format=json HTTP/11" 301 211 ]
[ 2024-11-11 19:03:08,846 https://arena-breakout.fandom.com:443 "GET /api.php?action=query&pageids=657&prop=images&imlimit=500&format=json HTTP/11" 200 211 ]
[ 2024-11-11 19:03:08,853 Starting new HTTPS connection (1): arena-breakout.fandom.com:443 ]
[ 2024-11-11 19:03:09,459 https://arena-breakout.fandom.com:443 "GET /en/api.php?action=query&prop=imageinfo&imlimit=500&titles=File%3A12x70mm+Armor-Piercing+Slug.png&titles=File%3A12x70mm+Dual+Shell.png&titles=File%3A12x70mm+Flechette+Buckshot.png&titles=File%3A12x70mm+GT+Slug.png&titles=File%3A12x70mm+Grizzly+Slug.png&titles=File%3A12x70mm+Led+Slug.png&titles=File%3A12x70mm+RIP+Slug.png&titles=File%3A12x70mm+Type+5+Buckshot.png&titles=File%3A12x70mm+Type+7+Buckshot.png&titles=File%3A12x70mm+Type+8+Buckshot.png&titles=File%3AM870.png&iilimit=5000&iiprop=url&format=json HTTP/11" 301 339 ]
[ 2024-11-11 19:03:09,791 https://arena-breakout.fandom.com:443 "GET /api.php?action=query&prop=imageinfo&imlimit=500&titles=File%3A12x70mm+Armor-Piercing+Slug.png&titles=File%3A12x70mm+Dual+Shell.png&titles=File%3A12x70mm+Flechette+Buckshot.png&titles=File%3A12x70mm+GT+Slug.png&titles=File%3A12x70mm+Grizzly+Slug.png&titles=File%3A12x70mm+Led+Slug.png&titles=File%3A12x70mm+RIP+Slug.png&titles=File%3A12x70mm+Type+5+Buckshot.png&titles=File%3A12x70mm+Type+7+Buckshot.png&titles=File%3A12x70mm+Type+8+Buckshot.png&titles=File%3AM870.png&iilimit=5000&iiprop=url&format=json HTTP/11" 200 339 ]
[ 2024-11-11 19:03:09,798 Starting new HTTPS connection (1): arena-breakout.fandom.com:443 ]
[ 2024-11-11 19:03:10,483 https://arena-breakout.fandom.com:443 "GET /en/api.php?action=query&srlimit=1&list=search&srsearch=Silver+badge&format=json HTTP/11" 301 177 ]
[ 2024-11-11 19:03:10,838 https://arena-breakout.fandom.com:443 "GET /api.php?action=query&srlimit=1&list=search&srsearch=Silver+badge&format=json HTTP/11" 200 177 ]
[ 2024-11-11 19:03:10,845 Starting new HTTPS connection (1): arena-breakout.fandom.com:443 ]
[ 2024-11-11 19:03:11,405 https://arena-breakout.fandom.com:443 "GET /en/api.php?action=query&redirects=True&titles=Silver+Badge&format=json HTTP/11" 301 97 ]
[ 2024-11-11 19:03:11,815 https://arena-breakout.fandom.com:443 "GET /api.php?action=query&redirects=True&titles=Silver+Badge&format=json HTTP/11" 200 97 ]
[ 2024-11-11 19:03:11,821 Starting new HTTPS connection (1): arena-breakout.fandom.com:443 ]
[ 2024-11-11 19:03:12,391 https://arena-breakout.fandom.com:443 "GET /en/api.php?action=query&pageids=1264&prop=images&imlimit=500&format=json HTTP/11" 301 124 ]
[ 2024-11-11 19:03:12,812 https://arena-breakout.fandom.com:443 "GET /api.php?action=query&pageids=1264&prop=images&imlimit=500&format=json HTTP/11" 200 124 ]
[ 2024-11-11 19:03:12,819 Starting new HTTPS connection (1): arena-breakout.fandom.com:443 ]
[ 2024-11-11 19:03:13,421 https://arena-breakout.fandom.com:443 "GET /en/api.php?action=query&prop=imageinfo&imlimit=500&titles=File%3ASilver+Badge.png&iilimit=5000&iiprop=url&format=json HTTP/11" 301 351 ]
[ 2024-11-11 19:03:13,788 https://arena-breakout.fandom.com:443 "GET /api.php?action=query&prop=imageinfo&imlimit=500&titles=File%3ASilver+Badge.png&iilimit=5000&iiprop=url&format=json HTTP/11" 200 351 ]
[ 2024-11-11 19:03:18,164 SELECT "fandom_bot","id","rpg_bot","date","lucky_bot" FROM "botusage" WHERE "date"='2024-11-11T13:33:18.164192' LIMIT 2: None ]
[ 2024-11-11 19:03:18,167 UPDATE "botusage" SET "date"=$1,"fandom_bot"=$2,"lucky_bot"=$3,"rpg_bot"=$4 WHERE "id"=$5: [datetime.date(2024, 11, 11), 0, 7, 0, 2] ]
[ 2024-11-11 19:03:18,170 SELECT "discord_id","id","bot_used","discord_name" FROM "profile" WHERE "discord_id"='<@568179896459722753>' LIMIT 2: None ]
[ 2024-11-11 19:03:18,171 SELECT "summary","location","id","weapon","container","uid_id","item" FROM "todayluck" WHERE "uid_id"=1 LIMIT 2: None ]
